SF:lib/src/features/news/data/news_change_notifier.dart
DA:9,3
DA:13,6
DA:16,6
DA:18,3
DA:19,3
DA:20,3
DA:21,12
DA:22,3
DA:23,3
LF:9
LH:9
end_of_record
SF:lib/src/features/articles/domain/article.dart
DA:5,4
LF:1
LH:1
end_of_record
SF:lib/src/features/news/application/news_service.dart
DA:16,0
DA:17,0
DA:18,0
LF:3
LH:0
end_of_record
SF:lib/src/features/news/presentation/news_page.dart
DA:8,4
DA:10,2
DA:11,2
DA:15,2
DA:17,2
DA:18,10
DA:21,2
DA:23,2
DA:24,2
DA:25,2
DA:26,2
DA:27,2
DA:30,2
DA:31,4
DA:34,2
DA:35,4
DA:36,2
DA:38,2
DA:39,1
DA:40,3
DA:41,2
DA:45,2
DA:46,4
DA:47,2
DA:48,2
LF:25
LH:25
end_of_record
SF:lib/src/features/articles/presentation/article_page.dart
DA:7,2
DA:9,1
DA:11,1
DA:12,1
DA:13,1
DA:14,1
DA:15,2
DA:16,2
DA:19,1
DA:20,1
DA:21,1
DA:22,2
DA:23,3
DA:26,3
LF:14
LH:14
end_of_record
