SF:lib/model/article.dart
DA:5,3
LF:1
LH:1
end_of_record
SF:lib/services/news_service.dart
DA:16,0
DA:17,0
DA:18,0
LF:3
LH:0
end_of_record
SF:lib/provider/news_change_notifier.dart
DA:9,2
DA:13,4
DA:16,4
DA:18,2
DA:19,2
DA:20,2
DA:21,8
DA:22,2
DA:23,2
LF:9
LH:9
end_of_record
SF:lib/screens/news_page.dart
DA:8,1
DA:10,1
DA:11,1
DA:15,1
DA:17,1
DA:18,5
DA:21,1
DA:23,1
DA:24,1
DA:25,1
DA:26,1
DA:27,1
DA:30,1
DA:31,2
DA:34,0
DA:35,0
DA:36,0
DA:38,0
DA:39,0
DA:40,0
DA:41,0
DA:45,0
DA:46,0
DA:47,0
DA:48,0
LF:25
LH:14
end_of_record
SF:lib/screens/article_page.dart
DA:7,0
DA:9,0
DA:11,0
DA:12,0
DA:13,0
DA:14,0
DA:15,0
DA:16,0
DA:19,0
DA:20,0
DA:21,0
DA:22,0
DA:23,0
DA:26,0
LF:14
LH:0
end_of_record
